<?xml version="1.0" encoding="UTF-8"?>
<!-- Generated by org.testng.reporters.JUnitReportReporter -->
<testsuite hostname="LAPTOP-1DFLN555" failures="0" tests="2" name="TestngDemo.test1Testng" time="0.028" errors="0" timestamp="2023-08-09T22:41:46 IST" skipped="0">
  <testcase classname="TestngDemo.test1Testng" name="method8" time="0.003"/>
  <testcase classname="TestngDemo.test1Testng" name="method5" time="0.025"/>
</testsuite> <!-- TestngDemo.test1Testng -->
