<?xml version="1.0" encoding="UTF-8"?>
<!-- Generated by org.testng.reporters.JUnitReportReporter -->
<testsuite hostname="LAPTOP-1DFLN555" failures="0" tests="3" name="TestNGBasics.TestNgPratice" time="0.010" errors="0" timestamp="2023-08-03T21:15:04 IST" skipped="0">
  <testcase classname="TestNGBasics.TestNgPratice" name="method1" time="0.004"/>
  <testcase classname="TestNGBasics.TestNgPratice" name="method2" time="0.003"/>
  <testcase classname="TestNGBasics.TestNgPratice" name="method3" time="0.003"/>
</testsuite> <!-- TestNGBasics.TestNgPratice -->
