<?xml version="1.0" encoding="UTF-8"?>
<!-- Generated by org.testng.reporters.JUnitReportReporter -->
<testsuite hostname="LAPTOP-1DFLN555" failures="0" tests="1" name="TestNGBasics.groupsInTestNG" time="0.009" errors="0" timestamp="2023-08-10T22:29:47 IST" skipped="0">
  <testcase classname="TestNGBasics.groupsInTestNG" name="method1" time="0.009"/>
</testsuite> <!-- TestNGBasics.groupsInTestNG -->
