<?xml version="1.0" encoding="UTF-8"?>
<!-- Generated by org.testng.reporters.JUnitReportReporter -->
<testsuite hostname="LAPTOP-1DFLN555" failures="0" tests="3" name="TestNGBasics.parameterizationInTestNG" time="0.010" errors="0" timestamp="2023-08-10T22:15:11 IST" skipped="0">
  <testcase classname="TestNGBasics.parameterizationInTestNG" name="method1" time="0.007"/>
  <testcase classname="TestNGBasics.parameterizationInTestNG" name="method2" time="0.001"/>
  <testcase classname="TestNGBasics.parameterizationInTestNG" name="method3" time="0.002"/>
</testsuite> <!-- TestNGBasics.parameterizationInTestNG -->
