<?xml version="1.0" encoding="UTF-8"?>
<!-- Generated by org.testng.reporters.JUnitReportReporter -->
<testsuite hostname="LAPTOP-1DFLN555" failures="0" tests="3" name="TestNGBasics.prioritiesInTestNG" time="0.009" errors="0" timestamp="2023-08-09T22:41:46 IST" skipped="0">
  <testcase classname="TestNGBasics.prioritiesInTestNG" name="method3" time="0.001"/>
  <testcase classname="TestNGBasics.prioritiesInTestNG" name="method2" time="0.001"/>
  <testcase classname="TestNGBasics.prioritiesInTestNG" name="method1" time="0.007"/>
</testsuite> <!-- TestNGBasics.prioritiesInTestNG -->
